01:54:20 **** Incremental Build of configuration Debug for project mini_project_2 ****
make all 
Building file: ../mini_project_2.c
Invoking: AVR Compiler
avr-gcc -Wall -g2 -gstabs -O0 -fpack-struct -fshort-enums -ffunction-sections -fdata-sections -std=gnu99 -funsigned-char -funsigned-bitfields -mmcu=atmega32 -DF_CPU=1000000UL -MMD -MP -MF"mini_project_2.d" -MT"mini_project_2.o" -c -o "mini_project_2.o" "../mini_project_2.c"
In file included from ../mini_project_2.c:3:
c:/winavr-20100110/lib/gcc/../../avr/include/util/delay.h:90:3: warning: #warning "Compiler optimizations disabled; functions from <util/delay.h> won't work as designed"
Finished building: ../mini_project_2.c
 
Building target: mini_project_2.elf
Invoking: AVR C Linker
avr-gcc -Wl,-Map,mini_project_2.map -mmcu=atmega32 -o "mini_project_2.elf"  ./mini_project_2.o   
Finished building target: mini_project_2.elf
 
Invoking: AVR Create Extended Listing
avr-objdump -h -S mini_project_2.elf  >"mini_project_2.lss"
Finished building: mini_project_2.lss
 
Create Flash image (ihex format)
avr-objcopy -R .eeprom -R .fuse -R .lock -R .signature -O ihex mini_project_2.elf  "mini_project_2.hex"
Finished building: mini_project_2.hex
 
Invoking: Print Size
avr-size --format=avr --mcu=atmega32 mini_project_2.elf
AVR Memory Usage
----------------
Device: atmega32

Program:    5484 bytes (16.7% Full)
(.text + .data + .bootloader)

Data:         11 bytes (0.5% Full)
(.data + .bss + .noinit)


Finished building: sizedummy
 
